<?xml version="1.0" encoding="UTF-8"?>
<testsuite name="com.some.test.MyClass2Test" time="0.005" tests="1" errors="0" skipped="0" failures="0">
  <properties>
    <property name="java.runtime.name" value="Java(TM) SE Runtime Environment"/>
  </properties>
  <testcase name="test_something1" classname="com.some.test.MyClassTest" time="0"/>
</testsuite>